Using pre-set license
Built from '2021.1/release' branch; Version is '2021.1.10f1 (b15f561b2cef) revision 11624278'; Using compiler version '192528614'; Build Type 'Release'
OS: 'Windows 10 Home; OS build 19043.1052; Version 2009; 64bit' Language: 'en' Physical Memory: 16299 MB
BatchMode: 1, IsHumanControllingUs: 0, StartBugReporterOnCrash: 0, Is64bit: 1, IsPro: 0

 COMMAND LINE ARGUMENTS:
C:\Program Files\Unity\2021.1.10f1\Editor\Unity.exe
-adb2
-batchMode
-noUpm
-name
AssetImportWorker0
-projectPath
C:/Users/CiberTurtle/Unity Projects/Mash Up Game Jam 2
-logFile
Logs/AssetImportWorker0.log
-srvPort
60266
Successfully changed project path to: C:/Users/CiberTurtle/Unity Projects/Mash Up Game Jam 2
C:/Users/CiberTurtle/Unity Projects/Mash Up Game Jam 2
Using Asset Import Pipeline V2.
Refreshing native plugins compatible for Editor in 136.06 ms, found 4 plugins.
Preloading 0 native plugins for Editor in 0.00 ms.
Initialize engine version: 2021.1.10f1 (b15f561b2cef)
[Subsystems] Discovering subsystems at path C:/Program Files/Unity/2021.1.10f1/Editor/Data/Resources/UnitySubsystems
[Subsystems] Discovering subsystems at path C:/Users/CiberTurtle/Unity Projects/Mash Up Game Jam 2/Assets
GfxDevice: creating device client; threaded=0; jobified=0
Direct3D:
    Version:  Direct3D 11.0 [level 11.1]
    Renderer: NVIDIA GeForce GTX 1650 SUPER (ID=0x2187)
    Vendor:   NVIDIA
    VRAM:     3955 MB
    Driver:   27.21.14.6627
Shader 'Universal Render Pipeline/Particles/Lit': fallback shader 'Universal Render Pipeline/Particles/SimpleLit' not found
Initialize mono
Mono path[0] = 'C:/Program Files/Unity/2021.1.10f1/Editor/Data/Managed'
Mono path[1] = 'C:/Program Files/Unity/2021.1.10f1/Editor/Data/MonoBleedingEdge/lib/mono/unityjit'
Mono config path = 'C:/Program Files/Unity/2021.1.10f1/Editor/Data/MonoBleedingEdge/etc'
Using monoOptions --debugger-agent=transport=dt_socket,embedding=1,server=y,suspend=n,address=127.0.0.1:56024
Begin MonoManager ReloadAssembly
Registering precompiled unity dll's ...
Register platform support module: C:/Program Files/Unity/2021.1.10f1/Editor/Data/PlaybackEngines/WebGLSupport/UnityEditor.WebGL.Extensions.dll
Register platform support module: C:/Program Files/Unity/2021.1.10f1/Editor/Data/PlaybackEngines/MacStandaloneSupport/UnityEditor.OSXStandalone.Extensions.dll
Register platform support module: C:/Program Files/Unity/2021.1.10f1/Editor/Data/PlaybackEngines/WindowsStandaloneSupport/UnityEditor.WindowsStandalone.Extensions.dll
Register platform support module: C:/Program Files/Unity/2021.1.10f1/Editor/Data/PlaybackEngines/LinuxStandaloneSupport/UnityEditor.LinuxStandalone.Extensions.dll
Registered in 0.004201 seconds.
Native extension for LinuxStandalone target not found
Native extension for WindowsStandalone target not found
Native extension for OSXStandalone target not found
Native extension for WebGL target not found
Refreshing native plugins compatible for Editor in 139.29 ms, found 4 plugins.
Preloading 0 native plugins for Editor in 0.00 ms.
Mono: successfully reloaded assembly
- Completed reload, in  1.667 seconds
Domain Reload Profiling:
	ReloadAssembly (1668ms)
		BeginReloadAssembly (64ms)
			ExecutionOrderSort (0ms)
			DisableScriptedObjects (0ms)
			BackupInstance (0ms)
			ReleaseScriptingObjects (0ms)
			CreateAndSetChildDomain (1ms)
		EndReloadAssembly (613ms)
			LoadAssemblies (62ms)
			RebuildTransferFunctionScriptingTraits (0ms)
			SetupTypeCache (200ms)
			ReleaseScriptCaches (0ms)
			RebuildScriptCaches (35ms)
			SetupLoadedEditorAssemblies (320ms)
				LogAssemblyErrors (0ms)
				InitializePlatformSupportModulesInManaged (11ms)
				SetLoadedEditorAssemblies (0ms)
				RefreshPlugins (139ms)
				BeforeProcessingInitializeOnLoad (2ms)
				ProcessInitializeOnLoadAttributes (130ms)
				ProcessInitializeOnLoadMethodAttributes (37ms)
				AfterProcessingInitializeOnLoad (0ms)
				EditorAssembliesLoaded (0ms)
			ExecutionOrderSort2 (0ms)
			AwakeInstancesAfterBackupRestoration (0ms)
Platform modules already initialized, skipping
Registering precompiled user dll's ...
Registered in 0.006938 seconds.
Begin MonoManager ReloadAssembly
Symbol file LoadedFromMemory doesn't match image C:\Users\CiberTurtle\Unity Projects\Mash Up Game Jam 2\Library\PackageCache\com.unity.visualscripting@1.6.1\Editor\VisualScripting.Core\Dependencies\YamlDotNet\Unity.VisualScripting.YamlDotNet.dll
Symbol file LoadedFromMemory doesn't match image C:\Users\CiberTurtle\Unity Projects\Mash Up Game Jam 2\Library\PackageCache\com.unity.visualscripting@1.6.1\Editor\VisualScripting.Core\Dependencies\DotNetZip\Unity.VisualScripting.IonicZip.dll
Native extension for LinuxStandalone target not found
Native extension for WindowsStandalone target not found
Native extension for OSXStandalone target not found
Native extension for WebGL target not found
Refreshing native plugins compatible for Editor in 149.83 ms, found 4 plugins.
Preloading 0 native plugins for Editor in 0.00 ms.
Mono: successfully reloaded assembly
- Completed reload, in  1.812 seconds
Domain Reload Profiling:
	ReloadAssembly (1812ms)
		BeginReloadAssembly (189ms)
			ExecutionOrderSort (0ms)
			DisableScriptedObjects (5ms)
			BackupInstance (0ms)
			ReleaseScriptingObjects (0ms)
			CreateAndSetChildDomain (22ms)
		EndReloadAssembly (1544ms)
			LoadAssemblies (128ms)
			RebuildTransferFunctionScriptingTraits (0ms)
			SetupTypeCache (496ms)
			ReleaseScriptCaches (1ms)
			RebuildScriptCaches (80ms)
			SetupLoadedEditorAssemblies (715ms)
				LogAssemblyErrors (0ms)
				InitializePlatformSupportModulesInManaged (8ms)
				SetLoadedEditorAssemblies (0ms)
				RefreshPlugins (150ms)
				BeforeProcessingInitializeOnLoad (154ms)
				ProcessInitializeOnLoadAttributes (373ms)
				ProcessInitializeOnLoadMethodAttributes (23ms)
				AfterProcessingInitializeOnLoad (6ms)
				EditorAssembliesLoaded (0ms)
			ExecutionOrderSort2 (0ms)
			AwakeInstancesAfterBackupRestoration (9ms)
Platform modules already initialized, skipping
========================================================================
Worker process is ready to serve import requests
Shader 'Universal Render Pipeline/Particles/Lit': fallback shader 'Universal Render Pipeline/Particles/SimpleLit' not found
Launched and connected shader compiler UnityShaderCompiler.exe after 0.05 seconds
Refreshing native plugins compatible for Editor in 1.58 ms, found 4 plugins.
Preloading 0 native plugins for Editor in 0.00 ms.
Unloading 4940 Unused Serialized files (Serialized files now loaded: 0)
System memory in use before: 192.5 MB.
System memory in use after: 192.6 MB.

Unloading 34 unused Assets to reduce memory usage. Loaded Objects now: 5388.
Total: 4.715000 ms (FindLiveObjects: 0.455100 ms CreateObjectMapping: 0.349100 ms MarkObjects: 3.457100 ms  DeleteObjects: 0.452000 ms)

AssetImportParameters requested are different than current active one (requested -> active):
  custom:framework-win-MediaFoundation: 216162199b28c13a410421893ffa2e32 -> 
  custom:video-decoder-ogg-theora: a1e56fd34408186e4bbccfd4996cb3dc -> 
  custom:container-muxer-webm: aa71ff27fc2769a1b78a27578f13a17b -> 
  custom:container-demuxer-webm: 4f35f7cbe854078d1ac9338744f61a02 -> 
  custom:container-demuxer-ogg: 62fdf1f143b41e24485cea50d1cbac27 -> 
  custom:video-encoder-webm-vp8: eb34c28f22e8b96e1ab97ce403110664 -> 
  custom:video-decoder-webm-vp8: 9c59270c3fd7afecdb556c50c9e8de78 -> 
  custom:audio-decoder-ogg-vorbis: bf7c407c2cedff20999df2af8eb42d56 -> 
  custom:audio-encoder-webm-vorbis: bf7c407c2cedff20999df2af8eb42d56 -> 
========================================================================
Received Import Request.
  path: Assets/Objects/Oblet/Oblet.shadergraph
  artifactKey: Guid(355fc063fb66d8c498912f4b9455e84c) Importer(815301076,1909f56bfc062723c751e8b465ee728b)
Start importing Assets/Objects/Oblet/Oblet.shadergraph using Guid(355fc063fb66d8c498912f4b9455e84c) Importer(815301076,1909f56bfc062723c751e8b465ee728b)  -> (artifact id: '7957589d467024e87522e51224a21584') in 0.041968 seconds 
========================================================================
Received Import Request.
  Time since last request: 193.216935 seconds.
  path: Assets/Objects/Oblet/Oblet.shadergraph
  artifactKey: Guid(355fc063fb66d8c498912f4b9455e84c) Importer(815301076,1909f56bfc062723c751e8b465ee728b)
Start importing Assets/Objects/Oblet/Oblet.shadergraph using Guid(355fc063fb66d8c498912f4b9455e84c) Importer(815301076,1909f56bfc062723c751e8b465ee728b)  -> (artifact id: 'e6a168e010499120aa56f378b76e9e33') in 0.009720 seconds 
========================================================================
Received Import Request.
  Time since last request: 11.435525 seconds.
  path: Packages/com.unity.2d.sprite/Editor/ObjectMenuCreation/DefaultAssets/Textures/v2/Circle.png
  artifactKey: Guid(a86470a33a6bf42c4b3595704624658b) Importer(815301076,1909f56bfc062723c751e8b465ee728b)
Start importing Packages/com.unity.2d.sprite/Editor/ObjectMenuCreation/DefaultAssets/Textures/v2/Circle.png using Guid(a86470a33a6bf42c4b3595704624658b) Importer(815301076,1909f56bfc062723c751e8b465ee728b)  -> (artifact id: '7f8246d20216833e9df2d4c02218bca0') in 0.114425 seconds 
========================================================================
Received Import Request.
  Time since last request: 4438.498855 seconds.
  path: Assets/Objects/UI/Donut.psd
  artifactKey: Guid(7a4b9def79d844748a6931918ec2e51a) Importer(815301076,1909f56bfc062723c751e8b465ee728b)
Start importing Assets/Objects/UI/Donut.psd using Guid(7a4b9def79d844748a6931918ec2e51a) Importer(815301076,1909f56bfc062723c751e8b465ee728b)  -> (artifact id: 'da9ff237c054e5e46eaeac3476fbb283') in 0.035868 seconds 
========================================================================
Received Import Request.
  Time since last request: 4.686896 seconds.
  path: Assets/Objects/UI/Donut.psd
  artifactKey: Guid(7a4b9def79d844748a6931918ec2e51a) Importer(815301076,1909f56bfc062723c751e8b465ee728b)
Start importing Assets/Objects/UI/Donut.psd using Guid(7a4b9def79d844748a6931918ec2e51a) Importer(815301076,1909f56bfc062723c751e8b465ee728b)  -> (artifact id: 'df45317a6b59f787f6b41e7cf1d7ec54') in 0.020434 seconds 
========================================================================
Received Import Request.
  Time since last request: 9.509033 seconds.
  path: Assets/Objects/UI/Donut.psd
  artifactKey: Guid(7a4b9def79d844748a6931918ec2e51a) Importer(815301076,1909f56bfc062723c751e8b465ee728b)
Start importing Assets/Objects/UI/Donut.psd using Guid(7a4b9def79d844748a6931918ec2e51a) Importer(815301076,1909f56bfc062723c751e8b465ee728b)  -> (artifact id: '2e154d9f4db2693edd82933c43c533f8') in 0.024405 seconds 
========================================================================
Received Import Request.
  Time since last request: 41.940124 seconds.
  path: Assets/Objects/UI/Donut.psd
  artifactKey: Guid(7a4b9def79d844748a6931918ec2e51a) Importer(815301076,1909f56bfc062723c751e8b465ee728b)
Start importing Assets/Objects/UI/Donut.psd using Guid(7a4b9def79d844748a6931918ec2e51a) Importer(815301076,1909f56bfc062723c751e8b465ee728b)  -> (artifact id: 'd455d87ad1fa1567dd42ae64400e6e93') in 0.030068 seconds 
========================================================================
Received Import Request.
  Time since last request: 4.507288 seconds.
  path: Assets/Objects/UI/Donut.psd
  artifactKey: Guid(7a4b9def79d844748a6931918ec2e51a) Importer(815301076,1909f56bfc062723c751e8b465ee728b)
Start importing Assets/Objects/UI/Donut.psd using Guid(7a4b9def79d844748a6931918ec2e51a) Importer(815301076,1909f56bfc062723c751e8b465ee728b)  -> (artifact id: '34ede9afe4ec5d62fc20ee0b59290e9d') in 0.015946 seconds 
========================================================================
Received Import Request.
  Time since last request: 10.660189 seconds.
  path: Assets/Objects/UI/Donut.psd
  artifactKey: Guid(7a4b9def79d844748a6931918ec2e51a) Importer(815301076,1909f56bfc062723c751e8b465ee728b)
Start importing Assets/Objects/UI/Donut.psd using Guid(7a4b9def79d844748a6931918ec2e51a) Importer(815301076,1909f56bfc062723c751e8b465ee728b)  -> (artifact id: 'ed5e2102a992085c46581f27ddd86a97') in 0.015414 seconds 
========================================================================
Received Import Request.
  Time since last request: 48.606921 seconds.
  path: Assets/Objects/UI/Donut.psd
  artifactKey: Guid(7a4b9def79d844748a6931918ec2e51a) Importer(815301076,1909f56bfc062723c751e8b465ee728b)
Start importing Assets/Objects/UI/Donut.psd using Guid(7a4b9def79d844748a6931918ec2e51a) Importer(815301076,1909f56bfc062723c751e8b465ee728b)  -> (artifact id: 'dcdb6ede98820134899abdfcc6855733') in 0.017105 seconds 
========================================================================
Received Import Request.
  Time since last request: 11.745532 seconds.
  path: Assets/Objects/UI/Donut.psd
  artifactKey: Guid(7a4b9def79d844748a6931918ec2e51a) Importer(815301076,1909f56bfc062723c751e8b465ee728b)
Start importing Assets/Objects/UI/Donut.psd using Guid(7a4b9def79d844748a6931918ec2e51a) Importer(815301076,1909f56bfc062723c751e8b465ee728b)  -> (artifact id: 'b87df61b4bb47500da6429cba5f26bcb') in 0.018493 seconds 
========================================================================
Received Import Request.
  Time since last request: 7.783195 seconds.
  path: Assets/Objects/UI/Donut.psd
  artifactKey: Guid(7a4b9def79d844748a6931918ec2e51a) Importer(815301076,1909f56bfc062723c751e8b465ee728b)
Start importing Assets/Objects/UI/Donut.psd using Guid(7a4b9def79d844748a6931918ec2e51a) Importer(815301076,1909f56bfc062723c751e8b465ee728b)  -> (artifact id: 'd2f02072d244996a75a2850c896c11e7') in 0.021530 seconds 
========================================================================
Received Import Request.
  Time since last request: 155.533830 seconds.
  path: Assets/Objects/Game/Background.shadergraph
  artifactKey: Guid(ce89447a0f8249047a81a9ce264ce96f) Importer(815301076,1909f56bfc062723c751e8b465ee728b)
Start importing Assets/Objects/Game/Background.shadergraph using Guid(ce89447a0f8249047a81a9ce264ce96f) Importer(815301076,1909f56bfc062723c751e8b465ee728b)  -> (artifact id: '6e81cefe5e0512eecb2f61c3f8800250') in 0.010627 seconds 
========================================================================
Received Import Request.
  Time since last request: 102.001901 seconds.
  path: Assets/Objects/Game/Background.shadergraph
  artifactKey: Guid(ce89447a0f8249047a81a9ce264ce96f) Importer(815301076,1909f56bfc062723c751e8b465ee728b)
Start importing Assets/Objects/Game/Background.shadergraph using Guid(ce89447a0f8249047a81a9ce264ce96f) Importer(815301076,1909f56bfc062723c751e8b465ee728b)  -> (artifact id: 'de0d5f8d78cde05c5c83e3e7e73f35a1') in 0.004309 seconds 
========================================================================
Received Import Request.
  Time since last request: 33.654949 seconds.
  path: Assets/Objects/Game/Checker.psd
  artifactKey: Guid(29b1980e4d88dab4abadd6a901197598) Importer(815301076,1909f56bfc062723c751e8b465ee728b)
Start importing Assets/Objects/Game/Checker.psd using Guid(29b1980e4d88dab4abadd6a901197598) Importer(815301076,1909f56bfc062723c751e8b465ee728b)  -> (artifact id: 'eaee5c4a1fe50da07d7445c54dd34d93') in 0.020776 seconds 
========================================================================
Received Import Request.
  Time since last request: 195.093743 seconds.
  path: Assets/Objects/Game/GameManager.cs
  artifactKey: Guid(bec55f15cd70c0e4dbc6d5366665844f) Importer(815301076,1909f56bfc062723c751e8b465ee728b)
Start importing Assets/Objects/Game/GameManager.cs using Guid(bec55f15cd70c0e4dbc6d5366665844f) Importer(815301076,1909f56bfc062723c751e8b465ee728b)  -> (artifact id: '8aca2d68fe2f764c35d2a79d1dc021a1') in 0.024092 seconds 
